\BOOKMARK [0][-]{chapter.1}{\376\377\0001\000\040\000N\000a\000m\000e\000s\000p\000a\000c\000e\000\040\000D\000o\000c\000u\000m\000e\000n\000t\000a\000t\000i\000o\000n}{}% 1
\BOOKMARK [1][-]{section.1.1}{\376\377\0001\000.\0001\000\040\000P\000a\000c\000k\000a\000g\000e\000\040\000e\000s\000.\000u\000l\000l\000.\000e\000s\000i\000t\000.\000u\000t\000i\000l\000i\000t\000i\000e\000s}{chapter.1}% 2
\BOOKMARK [1][-]{section.1.2}{\376\377\0001\000.\0002\000\040\000P\000a\000c\000k\000a\000g\000e\000\040\000e\000s\000.\000u\000l\000l\000.\000e\000s\000i\000t\000.\000u\000t\000i\000l\000s}{chapter.1}% 3
\BOOKMARK [1][-]{section.1.3}{\376\377\0001\000.\0003\000\040\000P\000a\000c\000k\000a\000g\000e\000\040\000t\000o\000p}{chapter.1}% 4
\BOOKMARK [0][-]{chapter.2}{\376\377\0002\000\040\000C\000l\000a\000s\000s\000\040\000D\000o\000c\000u\000m\000e\000n\000t\000a\000t\000i\000o\000n}{}% 5
\BOOKMARK [1][-]{section.2.1}{\376\377\0002\000.\0001\000\040\000e\000s\000.\000u\000l\000l\000.\000e\000s\000i\000t\000.\000u\000t\000i\000l\000i\000t\000i\000e\000s\000.\000B\000e\000l\000l\000m\000a\000n\000F\000o\000r\000d\000\040\000C\000l\000a\000s\000s\000\040\000R\000e\000f\000e\000r\000e\000n\000c\000e}{chapter.2}% 6
\BOOKMARK [2][-]{subsection.2.1.1}{\376\377\0002\000.\0001\000.\0001\000\040\000C\000o\000n\000s\000t\000r\000u\000c\000t\000o\000r\000\040\000\046\000\040\000D\000e\000s\000t\000r\000u\000c\000t\000o\000r\000\040\000D\000o\000c\000u\000m\000e\000n\000t\000a\000t\000i\000o\000n}{section.2.1}% 7
\BOOKMARK [3][-]{subsubsection.2.1.1.1}{\376\377\0002\000.\0001\000.\0001\000.\0001\000\040\000B\000e\000l\000l\000m\000a\000n\000F\000o\000r\000d\000\050\000\051}{subsection.2.1.1}% 8
\BOOKMARK [2][-]{subsection.2.1.2}{\376\377\0002\000.\0001\000.\0002\000\040\000M\000e\000m\000b\000e\000r\000\040\000F\000u\000n\000c\000t\000i\000o\000n\000\040\000D\000o\000c\000u\000m\000e\000n\000t\000a\000t\000i\000o\000n}{section.2.1}% 9
\BOOKMARK [3][-]{subsubsection.2.1.2.1}{\376\377\0002\000.\0001\000.\0002\000.\0001\000\040\000g\000e\000t\000D\000i\000s\000t\000a\000n\000c\000e\000s\000\050\000\051}{subsection.2.1.2}% 10
\BOOKMARK [3][-]{subsubsection.2.1.2.2}{\376\377\0002\000.\0001\000.\0002\000.\0002\000\040\000g\000e\000t\000V\000a\000l\000u\000e\000\050\000\051}{subsection.2.1.2}% 11
\BOOKMARK [3][-]{subsubsection.2.1.2.3}{\376\377\0002\000.\0001\000.\0002\000.\0003\000\040\000s\000o\000l\000v\000e\000\050\000\051}{subsection.2.1.2}% 12
\BOOKMARK [1][-]{section.2.2}{\376\377\0002\000.\0002\000\040\000e\000s\000.\000u\000l\000l\000.\000e\000s\000i\000t\000.\000u\000t\000i\000l\000i\000t\000i\000e\000s\000.\000E\000x\000p\000o\000s\000i\000t\000o\000U\000t\000i\000l\000i\000t\000i\000e\000s\000\040\000C\000l\000a\000s\000s\000\040\000R\000e\000f\000e\000r\000e\000n\000c\000e}{chapter.2}% 13
\BOOKMARK [2][-]{subsection.2.2.1}{\376\377\0002\000.\0002\000.\0001\000\040\000M\000e\000m\000b\000e\000r\000\040\000F\000u\000n\000c\000t\000i\000o\000n\000\040\000D\000o\000c\000u\000m\000e\000n\000t\000a\000t\000i\000o\000n}{section.2.2}% 14
\BOOKMARK [3][-]{subsubsection.2.2.1.1}{\376\377\0002\000.\0002\000.\0001\000.\0001\000\040\000g\000e\000t\000F\000o\000r\000m\000a\000t\000\050\000\051\000\040\000[\0001\000/\0001\0002\000]}{subsection.2.2.1}% 15
\BOOKMARK [3][-]{subsubsection.2.2.1.2}{\376\377\0002\000.\0002\000.\0001\000.\0002\000\040\000g\000e\000t\000F\000o\000r\000m\000a\000t\000\050\000\051\000\040\000[\0002\000/\0001\0002\000]}{subsection.2.2.1}% 16
\BOOKMARK [3][-]{subsubsection.2.2.1.3}{\376\377\0002\000.\0002\000.\0001\000.\0003\000\040\000g\000e\000t\000F\000o\000r\000m\000a\000t\000\050\000\051\000\040\000[\0003\000/\0001\0002\000]}{subsection.2.2.1}% 17
\BOOKMARK [3][-]{subsubsection.2.2.1.4}{\376\377\0002\000.\0002\000.\0001\000.\0004\000\040\000g\000e\000t\000F\000o\000r\000m\000a\000t\000\050\000\051\000\040\000[\0004\000/\0001\0002\000]}{subsection.2.2.1}% 18
\BOOKMARK [3][-]{subsubsection.2.2.1.5}{\376\377\0002\000.\0002\000.\0001\000.\0005\000\040\000g\000e\000t\000F\000o\000r\000m\000a\000t\000\050\000\051\000\040\000[\0005\000/\0001\0002\000]}{subsection.2.2.1}% 19
\BOOKMARK [3][-]{subsubsection.2.2.1.6}{\376\377\0002\000.\0002\000.\0001\000.\0006\000\040\000g\000e\000t\000F\000o\000r\000m\000a\000t\000\050\000\051\000\040\000[\0006\000/\0001\0002\000]}{subsection.2.2.1}% 20
\BOOKMARK [3][-]{subsubsection.2.2.1.7}{\376\377\0002\000.\0002\000.\0001\000.\0007\000\040\000g\000e\000t\000F\000o\000r\000m\000a\000t\000\050\000\051\000\040\000[\0007\000/\0001\0002\000]}{subsection.2.2.1}% 21
\BOOKMARK [3][-]{subsubsection.2.2.1.8}{\376\377\0002\000.\0002\000.\0001\000.\0008\000\040\000g\000e\000t\000F\000o\000r\000m\000a\000t\000\050\000\051\000\040\000[\0008\000/\0001\0002\000]}{subsection.2.2.1}% 22
\BOOKMARK [3][-]{subsubsection.2.2.1.9}{\376\377\0002\000.\0002\000.\0001\000.\0009\000\040\000g\000e\000t\000F\000o\000r\000m\000a\000t\000\050\000\051\000\040\000[\0009\000/\0001\0002\000]}{subsection.2.2.1}% 23
\BOOKMARK [3][-]{subsubsection.2.2.1.10}{\376\377\0002\000.\0002\000.\0001\000.\0001\0000\000\040\000g\000e\000t\000F\000o\000r\000m\000a\000t\000\050\000\051\000\040\000[\0001\0000\000/\0001\0002\000]}{subsection.2.2.1}% 24
\BOOKMARK [3][-]{subsubsection.2.2.1.11}{\376\377\0002\000.\0002\000.\0001\000.\0001\0001\000\040\000g\000e\000t\000F\000o\000r\000m\000a\000t\000\050\000\051\000\040\000[\0001\0001\000/\0001\0002\000]}{subsection.2.2.1}% 25
\BOOKMARK [3][-]{subsubsection.2.2.1.12}{\376\377\0002\000.\0002\000.\0001\000.\0001\0002\000\040\000g\000e\000t\000F\000o\000r\000m\000a\000t\000\050\000\051\000\040\000[\0001\0002\000/\0001\0002\000]}{subsection.2.2.1}% 26
\BOOKMARK [3][-]{subsubsection.2.2.1.13}{\376\377\0002\000.\0002\000.\0001\000.\0001\0003\000\040\000i\000s\000A\000c\000y\000c\000l\000i\000c\000\050\000\051}{subsection.2.2.1}% 27
\BOOKMARK [3][-]{subsubsection.2.2.1.14}{\376\377\0002\000.\0002\000.\0001\000.\0001\0004\000\040\000i\000s\000D\000o\000u\000b\000l\000e\000\050\000\051}{subsection.2.2.1}% 28
\BOOKMARK [3][-]{subsubsection.2.2.1.15}{\376\377\0002\000.\0002\000.\0001\000.\0001\0005\000\040\000i\000s\000I\000n\000t\000e\000g\000e\000r\000\050\000\051}{subsection.2.2.1}% 29
\BOOKMARK [3][-]{subsubsection.2.2.1.16}{\376\377\0002\000.\0002\000.\0001\000.\0001\0006\000\040\000m\000u\000l\000t\000i\000p\000l\000y\000M\000a\000t\000r\000i\000c\000e\000s\000\050\000\051}{subsection.2.2.1}% 30
\BOOKMARK [3][-]{subsubsection.2.2.1.17}{\376\377\0002\000.\0002\000.\0001\000.\0001\0007\000\040\000p\000r\000i\000n\000t\000F\000i\000l\000e\000\050\000\051}{subsection.2.2.1}% 31
\BOOKMARK [3][-]{subsubsection.2.2.1.18}{\376\377\0002\000.\0002\000.\0001\000.\0001\0008\000\040\000s\000i\000m\000p\000l\000i\000f\000y\000S\000t\000r\000i\000n\000g\000\050\000\051}{subsection.2.2.1}% 32
\BOOKMARK [3][-]{subsubsection.2.2.1.19}{\376\377\0002\000.\0002\000.\0001\000.\0001\0009\000\040\000t\000h\000e\000r\000e\000I\000s\000P\000a\000t\000h\000\050\000\051}{subsection.2.2.1}% 33
\BOOKMARK [3][-]{subsubsection.2.2.1.20}{\376\377\0002\000.\0002\000.\0001\000.\0002\0000\000\040\000w\000r\000i\000t\000e\000T\000e\000x\000t\000T\000o\000F\000i\000l\000e\000\050\000\051}{subsection.2.2.1}% 34
\BOOKMARK [2][-]{subsection.2.2.2}{\376\377\0002\000.\0002\000.\0002\000\040\000M\000e\000m\000b\000e\000r\000\040\000D\000a\000t\000a\000\040\000D\000o\000c\000u\000m\000e\000n\000t\000a\000t\000i\000o\000n}{section.2.2}% 35
\BOOKMARK [3][-]{subsubsection.2.2.2.1}{\376\377\0002\000.\0002\000.\0002\000.\0001\000\040\000A\000L\000I\000G\000N\000M\000E\000N\000T\000\137\000L\000E\000F\000T}{subsection.2.2.2}% 36
\BOOKMARK [3][-]{subsubsection.2.2.2.2}{\376\377\0002\000.\0002\000.\0002\000.\0002\000\040\000A\000L\000I\000G\000N\000M\000E\000N\000T\000\137\000R\000I\000G\000H\000T}{subsection.2.2.2}% 37
\BOOKMARK [3][-]{subsubsection.2.2.2.3}{\376\377\0002\000.\0002\000.\0002\000.\0003\000\040\000D\000E\000F\000A\000U\000L\000T\000\137\000C\000O\000L\000U\000M\000N\000\137\000W\000I\000D\000T\000H}{subsection.2.2.2}% 38
\BOOKMARK [1][-]{section.2.3}{\376\377\0002\000.\0003\000\040\000t\000o\000p\000.\000m\000a\000i\000n\000T\000O\000P\000T\000W\000\040\000C\000l\000a\000s\000s\000\040\000R\000e\000f\000e\000r\000e\000n\000c\000e}{chapter.2}% 39
\BOOKMARK [2][-]{subsection.2.3.1}{\376\377\0002\000.\0003\000.\0001\000\040\000M\000e\000m\000b\000e\000r\000\040\000F\000u\000n\000c\000t\000i\000o\000n\000\040\000D\000o\000c\000u\000m\000e\000n\000t\000a\000t\000i\000o\000n}{section.2.3}% 40
\BOOKMARK [3][-]{subsubsection.2.3.1.1}{\376\377\0002\000.\0003\000.\0001\000.\0001\000\040\000m\000a\000i\000n\000\050\000\051}{subsection.2.3.1}% 41
\BOOKMARK [1][-]{section.2.4}{\376\377\0002\000.\0004\000\040\000e\000s\000.\000u\000l\000l\000.\000e\000s\000i\000t\000.\000u\000t\000i\000l\000s\000.\000P\000a\000i\000r\000<\000\040\000F\000,\000\040\000S\000\040\000>\000\040\000C\000l\000a\000s\000s\000\040\000T\000e\000m\000p\000l\000a\000t\000e\000\040\000R\000e\000f\000e\000r\000e\000n\000c\000e}{chapter.2}% 42
\BOOKMARK [2][-]{subsection.2.4.1}{\376\377\0002\000.\0004\000.\0001\000\040\000C\000o\000n\000s\000t\000r\000u\000c\000t\000o\000r\000\040\000\046\000\040\000D\000e\000s\000t\000r\000u\000c\000t\000o\000r\000\040\000D\000o\000c\000u\000m\000e\000n\000t\000a\000t\000i\000o\000n}{section.2.4}% 43
\BOOKMARK [3][-]{subsubsection.2.4.1.1}{\376\377\0002\000.\0004\000.\0001\000.\0001\000\040\000P\000a\000i\000r\000\050\000\051}{subsection.2.4.1}% 44
\BOOKMARK [2][-]{subsection.2.4.2}{\376\377\0002\000.\0004\000.\0002\000\040\000M\000e\000m\000b\000e\000r\000\040\000F\000u\000n\000c\000t\000i\000o\000n\000\040\000D\000o\000c\000u\000m\000e\000n\000t\000a\000t\000i\000o\000n}{section.2.4}% 45
\BOOKMARK [3][-]{subsubsection.2.4.2.1}{\376\377\0002\000.\0004\000.\0002\000.\0001\000\040\000c\000r\000e\000a\000t\000e\000\050\000\051}{subsection.2.4.2}% 46
\BOOKMARK [3][-]{subsubsection.2.4.2.2}{\376\377\0002\000.\0004\000.\0002\000.\0002\000\040\000e\000q\000u\000a\000l\000s\000\050\000\051}{subsection.2.4.2}% 47
\BOOKMARK [3][-]{subsubsection.2.4.2.3}{\376\377\0002\000.\0004\000.\0002\000.\0003\000\040\000h\000a\000s\000h\000C\000o\000d\000e\000\050\000\051}{subsection.2.4.2}% 48
\BOOKMARK [2][-]{subsection.2.4.3}{\376\377\0002\000.\0004\000.\0003\000\040\000M\000e\000m\000b\000e\000r\000\040\000D\000a\000t\000a\000\040\000D\000o\000c\000u\000m\000e\000n\000t\000a\000t\000i\000o\000n}{section.2.4}% 49
\BOOKMARK [3][-]{subsubsection.2.4.3.1}{\376\377\0002\000.\0004\000.\0003\000.\0001\000\040\000f\000i\000r\000s\000t}{subsection.2.4.3}% 50
\BOOKMARK [3][-]{subsubsection.2.4.3.2}{\376\377\0002\000.\0004\000.\0003\000.\0002\000\040\000s\000e\000c\000o\000n\000d}{subsection.2.4.3}% 51
\BOOKMARK [1][-]{section.2.5}{\376\377\0002\000.\0005\000\040\000e\000s\000.\000u\000l\000l\000.\000e\000s\000i\000t\000.\000u\000t\000i\000l\000i\000t\000i\000e\000s\000.\000P\000o\000w\000e\000r\000S\000e\000t\000<\000\040\000E\000\040\000>\000\040\000C\000l\000a\000s\000s\000\040\000T\000e\000m\000p\000l\000a\000t\000e\000\040\000R\000e\000f\000e\000r\000e\000n\000c\000e}{chapter.2}% 52
\BOOKMARK [2][-]{subsection.2.5.1}{\376\377\0002\000.\0005\000.\0001\000\040\000C\000o\000n\000s\000t\000r\000u\000c\000t\000o\000r\000\040\000\046\000\040\000D\000e\000s\000t\000r\000u\000c\000t\000o\000r\000\040\000D\000o\000c\000u\000m\000e\000n\000t\000a\000t\000i\000o\000n}{section.2.5}% 53
\BOOKMARK [3][-]{subsubsection.2.5.1.1}{\376\377\0002\000.\0005\000.\0001\000.\0001\000\040\000P\000o\000w\000e\000r\000S\000e\000t\000\050\000\051}{subsection.2.5.1}% 54
\BOOKMARK [2][-]{subsection.2.5.2}{\376\377\0002\000.\0005\000.\0002\000\040\000M\000e\000m\000b\000e\000r\000\040\000F\000u\000n\000c\000t\000i\000o\000n\000\040\000D\000o\000c\000u\000m\000e\000n\000t\000a\000t\000i\000o\000n}{section.2.5}% 55
\BOOKMARK [3][-]{subsubsection.2.5.2.1}{\376\377\0002\000.\0005\000.\0002\000.\0001\000\040\000h\000a\000s\000N\000e\000x\000t\000\050\000\051}{subsection.2.5.2}% 56
\BOOKMARK [3][-]{subsubsection.2.5.2.2}{\376\377\0002\000.\0005\000.\0002\000.\0002\000\040\000i\000t\000e\000r\000a\000t\000o\000r\000\050\000\051}{subsection.2.5.2}% 57
\BOOKMARK [3][-]{subsubsection.2.5.2.3}{\376\377\0002\000.\0005\000.\0002\000.\0003\000\040\000n\000e\000x\000t\000\050\000\051}{subsection.2.5.2}% 58
\BOOKMARK [3][-]{subsubsection.2.5.2.4}{\376\377\0002\000.\0005\000.\0002\000.\0004\000\040\000r\000e\000m\000o\000v\000e\000\050\000\051}{subsection.2.5.2}% 59
\BOOKMARK [1][-]{section.2.6}{\376\377\0002\000.\0006\000\040\000t\000o\000p\000.\000T\000O\000P\000T\000W\000\040\000C\000l\000a\000s\000s\000\040\000R\000e\000f\000e\000r\000e\000n\000c\000e}{chapter.2}% 60
\BOOKMARK [2][-]{subsection.2.6.1}{\376\377\0002\000.\0006\000.\0001\000\040\000C\000o\000n\000s\000t\000r\000u\000c\000t\000o\000r\000\040\000\046\000\040\000D\000e\000s\000t\000r\000u\000c\000t\000o\000r\000\040\000D\000o\000c\000u\000m\000e\000n\000t\000a\000t\000i\000o\000n}{section.2.6}% 61
\BOOKMARK [3][-]{subsubsection.2.6.1.1}{\376\377\0002\000.\0006\000.\0001\000.\0001\000\040\000T\000O\000P\000T\000W\000\050\000\051}{subsection.2.6.1}% 62
\BOOKMARK [2][-]{subsection.2.6.2}{\376\377\0002\000.\0006\000.\0002\000\040\000M\000e\000m\000b\000e\000r\000\040\000F\000u\000n\000c\000t\000i\000o\000n\000\040\000D\000o\000c\000u\000m\000e\000n\000t\000a\000t\000i\000o\000n}{section.2.6}% 63
\BOOKMARK [3][-]{subsubsection.2.6.2.1}{\376\377\0002\000.\0006\000.\0002\000.\0001\000\040\000a\000d\000d\000N\000o\000d\000e\000\050\000\051}{subsection.2.6.2}% 64
\BOOKMARK [3][-]{subsubsection.2.6.2.2}{\376\377\0002\000.\0006\000.\0002\000.\0002\000\040\000a\000d\000d\000N\000o\000d\000e\000D\000e\000p\000o\000t\000\050\000\051}{subsection.2.6.2}% 65
\BOOKMARK [3][-]{subsubsection.2.6.2.3}{\376\377\0002\000.\0006\000.\0002\000.\0003\000\040\000c\000a\000l\000c\000u\000l\000a\000t\000e\000D\000i\000s\000t\000a\000n\000c\000e\000M\000a\000t\000r\000i\000x\000\050\000\051}{subsection.2.6.2}% 66
\BOOKMARK [3][-]{subsubsection.2.6.2.4}{\376\377\0002\000.\0006\000.\0002\000.\0004\000\040\000g\000e\000t\000D\000i\000s\000t\000a\000n\000c\000e\000\050\000\051\000\040\000[\0001\000/\0004\000]}{subsection.2.6.2}% 67
\BOOKMARK [3][-]{subsubsection.2.6.2.5}{\376\377\0002\000.\0006\000.\0002\000.\0005\000\040\000g\000e\000t\000D\000i\000s\000t\000a\000n\000c\000e\000\050\000\051\000\040\000[\0002\000/\0004\000]}{subsection.2.6.2}% 68
\BOOKMARK [3][-]{subsubsection.2.6.2.6}{\376\377\0002\000.\0006\000.\0002\000.\0006\000\040\000g\000e\000t\000D\000i\000s\000t\000a\000n\000c\000e\000\050\000\051\000\040\000[\0003\000/\0004\000]}{subsection.2.6.2}% 69
\BOOKMARK [3][-]{subsubsection.2.6.2.7}{\376\377\0002\000.\0006\000.\0002\000.\0007\000\040\000g\000e\000t\000D\000i\000s\000t\000a\000n\000c\000e\000\050\000\051\000\040\000[\0004\000/\0004\000]}{subsection.2.6.2}% 70
\BOOKMARK [3][-]{subsubsection.2.6.2.8}{\376\377\0002\000.\0006\000.\0002\000.\0008\000\040\000g\000e\000t\000D\000u\000e\000T\000i\000m\000e\000\050\000\051}{subsection.2.6.2}% 71
\BOOKMARK [3][-]{subsubsection.2.6.2.9}{\376\377\0002\000.\0006\000.\0002\000.\0009\000\040\000g\000e\000t\000M\000a\000x\000R\000o\000u\000t\000e\000s\000\050\000\051}{subsection.2.6.2}% 72
\BOOKMARK [3][-]{subsubsection.2.6.2.10}{\376\377\0002\000.\0006\000.\0002\000.\0001\0000\000\040\000g\000e\000t\000M\000a\000x\000T\000i\000m\000e\000P\000e\000r\000R\000o\000u\000t\000e\000\050\000\051}{subsection.2.6.2}% 73
\BOOKMARK [3][-]{subsubsection.2.6.2.11}{\376\377\0002\000.\0006\000.\0002\000.\0001\0001\000\040\000g\000e\000t\000N\000o\000d\000e\000s\000\050\000\051}{subsection.2.6.2}% 74
\BOOKMARK [3][-]{subsubsection.2.6.2.12}{\376\377\0002\000.\0006\000.\0002\000.\0001\0002\000\040\000g\000e\000t\000P\000O\000I\000s\000\050\000\051}{subsection.2.6.2}% 75
\BOOKMARK [3][-]{subsubsection.2.6.2.13}{\376\377\0002\000.\0006\000.\0002\000.\0001\0003\000\040\000g\000e\000t\000R\000e\000a\000d\000y\000T\000i\000m\000e\000\050\000\051}{subsection.2.6.2}% 76
\BOOKMARK [3][-]{subsubsection.2.6.2.14}{\376\377\0002\000.\0006\000.\0002\000.\0001\0004\000\040\000g\000e\000t\000S\000c\000o\000r\000e\000\050\000\051\000\040\000[\0001\000/\0002\000]}{subsection.2.6.2}% 77
\BOOKMARK [3][-]{subsubsection.2.6.2.15}{\376\377\0002\000.\0006\000.\0002\000.\0001\0005\000\040\000g\000e\000t\000S\000c\000o\000r\000e\000\050\000\051\000\040\000[\0002\000/\0002\000]}{subsection.2.6.2}% 78
\BOOKMARK [3][-]{subsubsection.2.6.2.16}{\376\377\0002\000.\0006\000.\0002\000.\0001\0006\000\040\000g\000e\000t\000S\000e\000r\000v\000i\000c\000e\000T\000i\000m\000e\000\050\000\051}{subsection.2.6.2}% 79
\BOOKMARK [3][-]{subsubsection.2.6.2.17}{\376\377\0002\000.\0006\000.\0002\000.\0001\0007\000\040\000g\000e\000t\000T\000i\000m\000e\000\050\000\051}{subsection.2.6.2}% 80
\BOOKMARK [3][-]{subsubsection.2.6.2.18}{\376\377\0002\000.\0006\000.\0002\000.\0001\0008\000\040\000g\000e\000t\000V\000e\000h\000i\000c\000l\000e\000s\000\050\000\051}{subsection.2.6.2}% 81
\BOOKMARK [3][-]{subsubsection.2.6.2.19}{\376\377\0002\000.\0006\000.\0002\000.\0001\0009\000\040\000g\000e\000t\000X\000\050\000\051}{subsection.2.6.2}% 82
\BOOKMARK [3][-]{subsubsection.2.6.2.20}{\376\377\0002\000.\0006\000.\0002\000.\0002\0000\000\040\000g\000e\000t\000Y\000\050\000\051}{subsection.2.6.2}% 83
\BOOKMARK [3][-]{subsubsection.2.6.2.21}{\376\377\0002\000.\0006\000.\0002\000.\0002\0001\000\040\000i\000s\000D\000e\000p\000o\000t\000\050\000\051}{subsection.2.6.2}% 84
\BOOKMARK [3][-]{subsubsection.2.6.2.22}{\376\377\0002\000.\0006\000.\0002\000.\0002\0002\000\040\000s\000e\000t\000D\000u\000e\000T\000i\000m\000e\000\050\000\051}{subsection.2.6.2}% 85
\BOOKMARK [3][-]{subsubsection.2.6.2.23}{\376\377\0002\000.\0006\000.\0002\000.\0002\0003\000\040\000s\000e\000t\000M\000a\000x\000R\000o\000u\000t\000e\000s\000\050\000\051}{subsection.2.6.2}% 86
\BOOKMARK [3][-]{subsubsection.2.6.2.24}{\376\377\0002\000.\0006\000.\0002\000.\0002\0004\000\040\000s\000e\000t\000M\000a\000x\000T\000i\000m\000e\000P\000e\000r\000R\000o\000u\000t\000e\000\050\000\051}{subsection.2.6.2}% 87
\BOOKMARK [3][-]{subsubsection.2.6.2.25}{\376\377\0002\000.\0006\000.\0002\000.\0002\0005\000\040\000s\000e\000t\000N\000o\000d\000e\000s\000\050\000\051}{subsection.2.6.2}% 88
\BOOKMARK [3][-]{subsubsection.2.6.2.26}{\376\377\0002\000.\0006\000.\0002\000.\0002\0006\000\040\000s\000e\000t\000R\000e\000a\000d\000y\000T\000i\000m\000e\000\050\000\051}{subsection.2.6.2}% 89
\BOOKMARK [3][-]{subsubsection.2.6.2.27}{\376\377\0002\000.\0006\000.\0002\000.\0002\0007\000\040\000s\000e\000t\000S\000c\000o\000r\000e\000\050\000\051}{subsection.2.6.2}% 90
\BOOKMARK [3][-]{subsubsection.2.6.2.28}{\376\377\0002\000.\0006\000.\0002\000.\0002\0008\000\040\000s\000e\000t\000S\000e\000r\000v\000i\000c\000e\000T\000i\000m\000e\000\050\000\051}{subsection.2.6.2}% 91
\BOOKMARK [3][-]{subsubsection.2.6.2.29}{\376\377\0002\000.\0006\000.\0002\000.\0002\0009\000\040\000s\000e\000t\000X\000\050\000\051}{subsection.2.6.2}% 92
\BOOKMARK [3][-]{subsubsection.2.6.2.30}{\376\377\0002\000.\0006\000.\0002\000.\0003\0000\000\040\000s\000e\000t\000Y\000\050\000\051}{subsection.2.6.2}% 93
\BOOKMARK [3][-]{subsubsection.2.6.2.31}{\376\377\0002\000.\0006\000.\0002\000.\0003\0001\000\040\000t\000o\000S\000t\000r\000i\000n\000g\000\050\000\051}{subsection.2.6.2}% 94
\BOOKMARK [1][-]{section.2.7}{\376\377\0002\000.\0007\000\040\000t\000o\000p\000.\000T\000O\000P\000T\000W\000E\000v\000a\000l\000u\000a\000t\000o\000r\000\040\000C\000l\000a\000s\000s\000\040\000R\000e\000f\000e\000r\000e\000n\000c\000e}{chapter.2}% 95
\BOOKMARK [2][-]{subsection.2.7.1}{\376\377\0002\000.\0007\000.\0001\000\040\000M\000e\000m\000b\000e\000r\000\040\000F\000u\000n\000c\000t\000i\000o\000n\000\040\000D\000o\000c\000u\000m\000e\000n\000t\000a\000t\000i\000o\000n}{section.2.7}% 96
\BOOKMARK [3][-]{subsubsection.2.7.1.1}{\376\377\0002\000.\0007\000.\0001\000.\0001\000\040\000e\000v\000a\000l\000u\000a\000t\000e\000\050\000\051}{subsection.2.7.1}% 97
\BOOKMARK [2][-]{subsection.2.7.2}{\376\377\0002\000.\0007\000.\0002\000\040\000M\000e\000m\000b\000e\000r\000\040\000D\000a\000t\000a\000\040\000D\000o\000c\000u\000m\000e\000n\000t\000a\000t\000i\000o\000n}{section.2.7}% 98
\BOOKMARK [3][-]{subsubsection.2.7.2.1}{\376\377\0002\000.\0007\000.\0002\000.\0001\000\040\000N\000O\000\137\000E\000V\000A\000L\000U\000A\000T\000E\000D}{subsection.2.7.2}% 99
\BOOKMARK [1][-]{section.2.8}{\376\377\0002\000.\0008\000\040\000t\000o\000p\000.\000T\000O\000P\000T\000W\000G\000R\000A\000S\000P\000\040\000C\000l\000a\000s\000s\000\040\000R\000e\000f\000e\000r\000e\000n\000c\000e}{chapter.2}% 100
\BOOKMARK [2][-]{subsection.2.8.1}{\376\377\0002\000.\0008\000.\0001\000\040\000C\000o\000n\000s\000t\000r\000u\000c\000t\000o\000r\000\040\000\046\000\040\000D\000e\000s\000t\000r\000u\000c\000t\000o\000r\000\040\000D\000o\000c\000u\000m\000e\000n\000t\000a\000t\000i\000o\000n}{section.2.8}% 101
\BOOKMARK [3][-]{subsubsection.2.8.1.1}{\376\377\0002\000.\0008\000.\0001\000.\0001\000\040\000T\000O\000P\000T\000W\000G\000R\000A\000S\000P\000\050\000\051}{subsection.2.8.1}% 102
\BOOKMARK [2][-]{subsection.2.8.2}{\376\377\0002\000.\0008\000.\0002\000\040\000M\000e\000m\000b\000e\000r\000\040\000F\000u\000n\000c\000t\000i\000o\000n\000\040\000D\000o\000c\000u\000m\000e\000n\000t\000a\000t\000i\000o\000n}{section.2.8}% 103
\BOOKMARK [3][-]{subsubsection.2.8.2.1}{\376\377\0002\000.\0008\000.\0002\000.\0001\000\040\000a\000l\000e\000a\000t\000o\000r\000y\000S\000e\000l\000e\000c\000t\000i\000o\000n\000R\000C\000L\000\050\000\051}{subsection.2.8.2}% 104
\BOOKMARK [3][-]{subsubsection.2.8.2.2}{\376\377\0002\000.\0008\000.\0002\000.\0002\000\040\000c\000o\000m\000p\000r\000e\000h\000e\000n\000s\000i\000v\000e\000E\000v\000a\000l\000u\000a\000t\000i\000o\000n\000\050\000\051}{subsection.2.8.2}% 105
\BOOKMARK [3][-]{subsubsection.2.8.2.3}{\376\377\0002\000.\0008\000.\0002\000.\0003\000\040\000c\000o\000m\000p\000u\000t\000e\000G\000r\000e\000e\000d\000y\000S\000o\000l\000u\000t\000i\000o\000n\000\050\000\051}{subsection.2.8.2}% 106
\BOOKMARK [3][-]{subsubsection.2.8.2.4}{\376\377\0002\000.\0008\000.\0002\000.\0004\000\040\000f\000u\000z\000z\000y\000S\000e\000l\000e\000c\000t\000i\000o\000n\000A\000l\000p\000h\000a\000C\000u\000t\000R\000C\000L\000\050\000\051}{subsection.2.8.2}% 107
\BOOKMARK [3][-]{subsubsection.2.8.2.5}{\376\377\0002\000.\0008\000.\0002\000.\0005\000\040\000f\000u\000z\000z\000y\000S\000e\000l\000e\000c\000t\000i\000o\000n\000B\000e\000s\000t\000F\000D\000R\000C\000L\000\050\000\051}{subsection.2.8.2}% 108
\BOOKMARK [3][-]{subsubsection.2.8.2.6}{\376\377\0002\000.\0008\000.\0002\000.\0006\000\040\000g\000e\000t\000M\000a\000x\000S\000c\000o\000r\000e\000\050\000\051}{subsection.2.8.2}% 109
\BOOKMARK [3][-]{subsubsection.2.8.2.7}{\376\377\0002\000.\0008\000.\0002\000.\0007\000\040\000g\000e\000t\000S\000o\000l\000u\000t\000i\000o\000n\000\050\000\051}{subsection.2.8.2}% 110
\BOOKMARK [3][-]{subsubsection.2.8.2.8}{\376\377\0002\000.\0008\000.\0002\000.\0008\000\040\000g\000e\000t\000S\000o\000l\000u\000t\000i\000o\000n\000T\000i\000m\000e\000\050\000\051}{subsection.2.8.2}% 111
\BOOKMARK [3][-]{subsubsection.2.8.2.9}{\376\377\0002\000.\0008\000.\0002\000.\0009\000\040\000G\000R\000A\000S\000P\000\050\000\051}{subsection.2.8.2}% 112
\BOOKMARK [3][-]{subsubsection.2.8.2.10}{\376\377\0002\000.\0008\000.\0002\000.\0001\0000\000\040\000s\000e\000t\000S\000o\000l\000u\000t\000i\000o\000n\000\050\000\051}{subsection.2.8.2}% 113
\BOOKMARK [3][-]{subsubsection.2.8.2.11}{\376\377\0002\000.\0008\000.\0002\000.\0001\0001\000\040\000s\000e\000t\000S\000o\000l\000u\000t\000i\000o\000n\000T\000i\000m\000e\000\050\000\051}{subsection.2.8.2}% 114
\BOOKMARK [3][-]{subsubsection.2.8.2.12}{\376\377\0002\000.\0008\000.\0002\000.\0001\0002\000\040\000u\000p\000d\000a\000t\000e\000S\000o\000l\000u\000t\000i\000o\000n\000\050\000\051}{subsection.2.8.2}% 115
\BOOKMARK [2][-]{subsection.2.8.3}{\376\377\0002\000.\0008\000.\0003\000\040\000M\000e\000m\000b\000e\000r\000\040\000D\000a\000t\000a\000\040\000D\000o\000c\000u\000m\000e\000n\000t\000a\000t\000i\000o\000n}{section.2.8}% 116
\BOOKMARK [3][-]{subsubsection.2.8.3.1}{\376\377\0002\000.\0008\000.\0003\000.\0001\000\040\000N\000O\000\137\000E\000V\000A\000L\000U\000A\000T\000E\000D}{subsection.2.8.3}% 117
\BOOKMARK [1][-]{section.2.9}{\376\377\0002\000.\0009\000\040\000t\000o\000p\000.\000T\000O\000P\000T\000W\000R\000e\000a\000d\000e\000r\000\040\000C\000l\000a\000s\000s\000\040\000R\000e\000f\000e\000r\000e\000n\000c\000e}{chapter.2}% 118
\BOOKMARK [2][-]{subsection.2.9.1}{\376\377\0002\000.\0009\000.\0001\000\040\000M\000e\000m\000b\000e\000r\000\040\000F\000u\000n\000c\000t\000i\000o\000n\000\040\000D\000o\000c\000u\000m\000e\000n\000t\000a\000t\000i\000o\000n}{section.2.9}% 119
\BOOKMARK [3][-]{subsubsection.2.9.1.1}{\376\377\0002\000.\0009\000.\0001\000.\0001\000\040\000r\000e\000a\000d\000P\000r\000o\000b\000l\000e\000m\000\050\000\051}{subsection.2.9.1}% 120
\BOOKMARK [1][-]{section.2.10}{\376\377\0002\000.\0001\0000\000\040\000t\000o\000p\000.\000T\000O\000P\000T\000W\000R\000o\000u\000t\000e\000\040\000C\000l\000a\000s\000s\000\040\000R\000e\000f\000e\000r\000e\000n\000c\000e}{chapter.2}% 121
\BOOKMARK [2][-]{subsection.2.10.1}{\376\377\0002\000.\0001\0000\000.\0001\000\040\000M\000e\000m\000b\000e\000r\000\040\000F\000u\000n\000c\000t\000i\000o\000n\000\040\000D\000o\000c\000u\000m\000e\000n\000t\000a\000t\000i\000o\000n}{section.2.10}% 122
\BOOKMARK [3][-]{subsubsection.2.10.1.1}{\376\377\0002\000.\0001\0000\000.\0001\000.\0001\000\040\000g\000e\000t\000I\000d\000\050\000\051}{subsection.2.10.1}% 123
\BOOKMARK [3][-]{subsubsection.2.10.1.2}{\376\377\0002\000.\0001\0000\000.\0001\000.\0002\000\040\000g\000e\000t\000P\000r\000e\000d\000e\000c\000c\000e\000s\000o\000r\000\050\000\051}{subsection.2.10.1}% 124
\BOOKMARK [3][-]{subsubsection.2.10.1.3}{\376\377\0002\000.\0001\0000\000.\0001\000.\0003\000\040\000g\000e\000t\000S\000u\000c\000c\000e\000s\000o\000r\000\050\000\051}{subsection.2.10.1}% 125
\BOOKMARK [3][-]{subsubsection.2.10.1.4}{\376\377\0002\000.\0001\0000\000.\0001\000.\0004\000\040\000s\000e\000t\000I\000d\000\050\000\051}{subsection.2.10.1}% 126
\BOOKMARK [3][-]{subsubsection.2.10.1.5}{\376\377\0002\000.\0001\0000\000.\0001\000.\0005\000\040\000s\000e\000t\000P\000r\000e\000d\000e\000c\000c\000e\000s\000o\000r\000\050\000\051}{subsection.2.10.1}% 127
\BOOKMARK [3][-]{subsubsection.2.10.1.6}{\376\377\0002\000.\0001\0000\000.\0001\000.\0006\000\040\000s\000e\000t\000S\000u\000c\000c\000e\000s\000o\000r\000\050\000\051}{subsection.2.10.1}% 128
\BOOKMARK [1][-]{section.2.11}{\376\377\0002\000.\0001\0001\000\040\000t\000o\000p\000.\000T\000O\000P\000T\000W\000S\000o\000l\000u\000t\000i\000o\000n\000\040\000C\000l\000a\000s\000s\000\040\000R\000e\000f\000e\000r\000e\000n\000c\000e}{chapter.2}% 129
\BOOKMARK [2][-]{subsection.2.11.1}{\376\377\0002\000.\0001\0001\000.\0001\000\040\000C\000o\000n\000s\000t\000r\000u\000c\000t\000o\000r\000\040\000\046\000\040\000D\000e\000s\000t\000r\000u\000c\000t\000o\000r\000\040\000D\000o\000c\000u\000m\000e\000n\000t\000a\000t\000i\000o\000n}{section.2.11}% 130
\BOOKMARK [3][-]{subsubsection.2.11.1.1}{\376\377\0002\000.\0001\0001\000.\0001\000.\0001\000\040\000T\000O\000P\000T\000W\000S\000o\000l\000u\000t\000i\000o\000n\000\050\000\051}{subsection.2.11.1}% 131
\BOOKMARK [2][-]{subsection.2.11.2}{\376\377\0002\000.\0001\0001\000.\0002\000\040\000M\000e\000m\000b\000e\000r\000\040\000F\000u\000n\000c\000t\000i\000o\000n\000\040\000D\000o\000c\000u\000m\000e\000n\000t\000a\000t\000i\000o\000n}{section.2.11}% 132
\BOOKMARK [3][-]{subsubsection.2.11.2.1}{\376\377\0002\000.\0001\0001\000.\0002\000.\0001\000\040\000a\000d\000d\000R\000o\000u\000t\000e\000\050\000\051}{subsection.2.11.2}% 133
\BOOKMARK [3][-]{subsubsection.2.11.2.2}{\376\377\0002\000.\0001\0001\000.\0002\000.\0002\000\040\000e\000q\000u\000a\000l\000s\000\050\000\051}{subsection.2.11.2}% 134
\BOOKMARK [3][-]{subsubsection.2.11.2.3}{\376\377\0002\000.\0001\0001\000.\0002\000.\0003\000\040\000e\000v\000a\000l\000u\000a\000t\000e\000F\000i\000t\000n\000e\000s\000s\000\050\000\051}{subsection.2.11.2}% 135
\BOOKMARK [3][-]{subsubsection.2.11.2.4}{\376\377\0002\000.\0001\0001\000.\0002\000.\0004\000\040\000g\000e\000t\000A\000v\000a\000i\000l\000a\000b\000l\000e\000V\000e\000h\000i\000c\000l\000e\000s\000\050\000\051}{subsection.2.11.2}% 136
\BOOKMARK [3][-]{subsubsection.2.11.2.5}{\376\377\0002\000.\0001\0001\000.\0002\000.\0005\000\040\000g\000e\000t\000C\000r\000e\000a\000t\000e\000d\000R\000o\000u\000t\000e\000s\000\050\000\051}{subsection.2.11.2}% 137
\BOOKMARK [3][-]{subsubsection.2.11.2.6}{\376\377\0002\000.\0001\0001\000.\0002\000.\0006\000\040\000g\000e\000t\000D\000i\000s\000t\000a\000n\000c\000e\000\050\000\051}{subsection.2.11.2}% 138
\BOOKMARK [3][-]{subsubsection.2.11.2.7}{\376\377\0002\000.\0001\0001\000.\0002\000.\0007\000\040\000g\000e\000t\000I\000n\000d\000e\000x\000R\000o\000u\000t\000e\000\050\000\051}{subsection.2.11.2}% 139
\BOOKMARK [3][-]{subsubsection.2.11.2.8}{\376\377\0002\000.\0001\0001\000.\0002\000.\0008\000\040\000g\000e\000t\000I\000n\000f\000o\000S\000o\000l\000u\000t\000i\000o\000n\000\050\000\051}{subsection.2.11.2}% 140
\BOOKMARK [3][-]{subsubsection.2.11.2.9}{\376\377\0002\000.\0001\0001\000.\0002\000.\0009\000\040\000g\000e\000t\000O\000b\000j\000e\000c\000t\000i\000v\000e\000F\000u\000n\000c\000t\000i\000o\000n\000V\000a\000l\000u\000e\000\050\000\051}{subsection.2.11.2}% 141
\BOOKMARK [3][-]{subsubsection.2.11.2.10}{\376\377\0002\000.\0001\0001\000.\0002\000.\0001\0000\000\040\000g\000e\000t\000P\000o\000s\000i\000t\000i\000o\000n\000I\000n\000R\000o\000u\000t\000e\000\050\000\051}{subsection.2.11.2}% 142
\BOOKMARK [3][-]{subsubsection.2.11.2.11}{\376\377\0002\000.\0001\0001\000.\0002\000.\0001\0001\000\040\000g\000e\000t\000P\000r\000e\000d\000e\000c\000e\000s\000s\000o\000r\000\050\000\051}{subsection.2.11.2}% 143
\BOOKMARK [3][-]{subsubsection.2.11.2.12}{\376\377\0002\000.\0001\0001\000.\0002\000.\0001\0002\000\040\000g\000e\000t\000P\000r\000e\000d\000e\000c\000e\000s\000s\000o\000r\000s\000\050\000\051}{subsection.2.11.2}% 144
\BOOKMARK [3][-]{subsubsection.2.11.2.13}{\376\377\0002\000.\0001\0001\000.\0002\000.\0001\0003\000\040\000g\000e\000t\000P\000r\000o\000b\000l\000e\000m\000\050\000\051}{subsection.2.11.2}% 145
\BOOKMARK [3][-]{subsubsection.2.11.2.14}{\376\377\0002\000.\0001\0001\000.\0002\000.\0001\0004\000\040\000g\000e\000t\000S\000u\000c\000c\000e\000s\000s\000o\000r\000\050\000\051}{subsection.2.11.2}% 146
\BOOKMARK [3][-]{subsubsection.2.11.2.15}{\376\377\0002\000.\0001\0001\000.\0002\000.\0001\0005\000\040\000g\000e\000t\000S\000u\000c\000c\000e\000s\000s\000o\000r\000s\000\050\000\051}{subsection.2.11.2}% 147
\BOOKMARK [3][-]{subsubsection.2.11.2.16}{\376\377\0002\000.\0001\0001\000.\0002\000.\0001\0006\000\040\000g\000e\000t\000W\000a\000i\000t\000i\000n\000g\000T\000i\000m\000e\000\050\000\051}{subsection.2.11.2}% 148
\BOOKMARK [3][-]{subsubsection.2.11.2.17}{\376\377\0002\000.\0001\0001\000.\0002\000.\0001\0007\000\040\000i\000n\000i\000t\000S\000o\000l\000u\000t\000i\000o\000n\000\050\000\051}{subsection.2.11.2}% 149
\BOOKMARK [3][-]{subsubsection.2.11.2.18}{\376\377\0002\000.\0001\0001\000.\0002\000.\0001\0008\000\040\000i\000s\000D\000e\000p\000o\000t\000\050\000\051}{subsection.2.11.2}% 150
\BOOKMARK [3][-]{subsubsection.2.11.2.19}{\376\377\0002\000.\0001\0001\000.\0002\000.\0001\0009\000\040\000p\000r\000i\000n\000t\000S\000o\000l\000u\000t\000i\000o\000n\000\050\000\051}{subsection.2.11.2}% 151
\BOOKMARK [3][-]{subsubsection.2.11.2.20}{\376\377\0002\000.\0001\0001\000.\0002\000.\0002\0000\000\040\000s\000e\000t\000A\000v\000a\000i\000l\000a\000b\000l\000e\000V\000e\000h\000i\000c\000l\000e\000s\000\050\000\051}{subsection.2.11.2}% 152
\BOOKMARK [3][-]{subsubsection.2.11.2.21}{\376\377\0002\000.\0001\0001\000.\0002\000.\0002\0001\000\040\000s\000e\000t\000O\000b\000j\000e\000c\000t\000i\000v\000e\000F\000u\000n\000c\000t\000i\000o\000n\000V\000a\000l\000u\000e\000\050\000\051}{subsection.2.11.2}% 153
\BOOKMARK [3][-]{subsubsection.2.11.2.22}{\376\377\0002\000.\0001\0001\000.\0002\000.\0002\0002\000\040\000s\000e\000t\000P\000o\000s\000i\000t\000i\000o\000n\000I\000n\000R\000o\000u\000t\000e\000\050\000\051}{subsection.2.11.2}% 154
\BOOKMARK [3][-]{subsubsection.2.11.2.23}{\376\377\0002\000.\0001\0001\000.\0002\000.\0002\0003\000\040\000s\000e\000t\000P\000r\000e\000d\000e\000c\000e\000s\000s\000o\000r\000\050\000\051}{subsection.2.11.2}% 155
\BOOKMARK [3][-]{subsubsection.2.11.2.24}{\376\377\0002\000.\0001\0001\000.\0002\000.\0002\0004\000\040\000s\000e\000t\000S\000u\000c\000c\000e\000s\000s\000o\000r\000\050\000\051}{subsection.2.11.2}% 156
\BOOKMARK [3][-]{subsubsection.2.11.2.25}{\376\377\0002\000.\0001\0001\000.\0002\000.\0002\0005\000\040\000s\000e\000t\000W\000a\000i\000t\000i\000n\000g\000T\000i\000m\000e\000\050\000\051}{subsection.2.11.2}% 157
\BOOKMARK [2][-]{subsection.2.11.3}{\376\377\0002\000.\0001\0001\000.\0003\000\040\000M\000e\000m\000b\000e\000r\000\040\000D\000a\000t\000a\000\040\000D\000o\000c\000u\000m\000e\000n\000t\000a\000t\000i\000o\000n}{section.2.11}% 158
\BOOKMARK [3][-]{subsubsection.2.11.3.1}{\376\377\0002\000.\0001\0001\000.\0003\000.\0001\000\040\000N\000O\000\137\000I\000N\000I\000T\000I\000A\000L\000I\000Z\000E\000D}{subsection.2.11.3}% 159
\BOOKMARK [0][-]{chapter.3}{\376\377\0003\000\040\000F\000i\000l\000e\000\040\000D\000o\000c\000u\000m\000e\000n\000t\000a\000t\000i\000o\000n}{}% 160
\BOOKMARK [1][-]{section.3.1}{\376\377\0003\000.\0001\000\040\000s\000r\000c\000/\000e\000s\000/\000u\000l\000l\000/\000e\000s\000i\000t\000/\000u\000t\000i\000l\000i\000t\000i\000e\000s\000/\000B\000e\000l\000l\000m\000a\000n\000F\000o\000r\000d\000.\000j\000a\000v\000a\000\040\000F\000i\000l\000e\000\040\000R\000e\000f\000e\000r\000e\000n\000c\000e}{chapter.3}% 161
\BOOKMARK [1][-]{section.3.2}{\376\377\0003\000.\0002\000\040\000s\000r\000c\000/\000e\000s\000/\000u\000l\000l\000/\000e\000s\000i\000t\000/\000u\000t\000i\000l\000i\000t\000i\000e\000s\000/\000E\000x\000p\000o\000s\000i\000t\000o\000U\000t\000i\000l\000i\000t\000i\000e\000s\000.\000j\000a\000v\000a\000\040\000F\000i\000l\000e\000\040\000R\000e\000f\000e\000r\000e\000n\000c\000e}{chapter.3}% 162
\BOOKMARK [1][-]{section.3.3}{\376\377\0003\000.\0003\000\040\000s\000r\000c\000/\000e\000s\000/\000u\000l\000l\000/\000e\000s\000i\000t\000/\000u\000t\000i\000l\000i\000t\000i\000e\000s\000/\000P\000o\000w\000e\000r\000S\000e\000t\000.\000j\000a\000v\000a\000\040\000F\000i\000l\000e\000\040\000R\000e\000f\000e\000r\000e\000n\000c\000e}{chapter.3}% 163
\BOOKMARK [1][-]{section.3.4}{\376\377\0003\000.\0004\000\040\000s\000r\000c\000/\000e\000s\000/\000u\000l\000l\000/\000e\000s\000i\000t\000/\000u\000t\000i\000l\000s\000/\000P\000a\000i\000r\000.\000j\000a\000v\000a\000\040\000F\000i\000l\000e\000\040\000R\000e\000f\000e\000r\000e\000n\000c\000e}{chapter.3}% 164
\BOOKMARK [1][-]{section.3.5}{\376\377\0003\000.\0005\000\040\000s\000r\000c\000/\000t\000o\000p\000/\000m\000a\000i\000n\000T\000O\000P\000T\000W\000.\000j\000a\000v\000a\000\040\000F\000i\000l\000e\000\040\000R\000e\000f\000e\000r\000e\000n\000c\000e}{chapter.3}% 165
\BOOKMARK [1][-]{section.3.6}{\376\377\0003\000.\0006\000\040\000s\000r\000c\000/\000t\000o\000p\000/\000T\000O\000P\000T\000W\000.\000j\000a\000v\000a\000\040\000F\000i\000l\000e\000\040\000R\000e\000f\000e\000r\000e\000n\000c\000e}{chapter.3}% 166
\BOOKMARK [1][-]{section.3.7}{\376\377\0003\000.\0007\000\040\000s\000r\000c\000/\000t\000o\000p\000/\000T\000O\000P\000T\000W\000E\000v\000a\000l\000u\000a\000t\000o\000r\000.\000j\000a\000v\000a\000\040\000F\000i\000l\000e\000\040\000R\000e\000f\000e\000r\000e\000n\000c\000e}{chapter.3}% 167
\BOOKMARK [1][-]{section.3.8}{\376\377\0003\000.\0008\000\040\000s\000r\000c\000/\000t\000o\000p\000/\000T\000O\000P\000T\000W\000G\000R\000A\000S\000P\000.\000j\000a\000v\000a\000\040\000F\000i\000l\000e\000\040\000R\000e\000f\000e\000r\000e\000n\000c\000e}{chapter.3}% 168
\BOOKMARK [1][-]{section.3.9}{\376\377\0003\000.\0009\000\040\000s\000r\000c\000/\000t\000o\000p\000/\000T\000O\000P\000T\000W\000R\000e\000a\000d\000e\000r\000.\000j\000a\000v\000a\000\040\000F\000i\000l\000e\000\040\000R\000e\000f\000e\000r\000e\000n\000c\000e}{chapter.3}% 169
\BOOKMARK [1][-]{section.3.10}{\376\377\0003\000.\0001\0000\000\040\000s\000r\000c\000/\000t\000o\000p\000/\000T\000O\000P\000T\000W\000R\000o\000u\000t\000e\000.\000j\000a\000v\000a\000\040\000F\000i\000l\000e\000\040\000R\000e\000f\000e\000r\000e\000n\000c\000e}{chapter.3}% 170
\BOOKMARK [1][-]{section.3.11}{\376\377\0003\000.\0001\0001\000\040\000s\000r\000c\000/\000t\000o\000p\000/\000T\000O\000P\000T\000W\000S\000o\000l\000u\000t\000i\000o\000n\000.\000j\000a\000v\000a\000\040\000F\000i\000l\000e\000\040\000R\000e\000f\000e\000r\000e\000n\000c\000e}{chapter.3}% 171
\BOOKMARK [0][-]{section*.53}{\376\377\000I\000n\000d\000e\000x}{}% 172
